2023-11-28 18:37:59 - INFO - Unmatched adults: ['anais']
2023-11-28 18:37:59 - INFO - No alain in children
2023-11-28 18:37:59 - INFO - No fatiha in children
2023-11-28 18:37:59 - INFO - No anais in children
2023-11-28 18:38:00 - INFO - Unmatched adults: ['adeline']
2023-11-28 18:38:00 - INFO - No alain in children
2023-11-28 18:38:00 - INFO - No fatiha in children
2023-11-28 18:38:00 - INFO - No adeline in children
2023-11-28 21:30:04 - ERROR - Cell coordinates cannot be calculated
2023-11-28 21:31:25 - ERROR - Cell coordinates cannot be calculated
2023-11-28 22:22:32 - ERROR - Cell coordinates cannot be calculated
2023-11-28 22:23:21 - ERROR - Cell coordinates cannot be calculated
2023-11-28 22:23:33 - ERROR - Cell coordinates cannot be calculated
2023-11-28 22:23:52 - INFO - Unmatched adults: ['sylvain']
2023-11-28 22:23:52 - INFO - No alain in children
2023-11-28 22:23:52 - INFO - No fatiha in children
2023-11-28 22:23:52 - INFO - No sylvain in children
2023-11-28 22:24:25 - ERROR - Cell coordinates cannot be calculated
2023-11-28 22:25:39 - ERROR - Cell coordinates cannot be calculated
2023-11-28 22:39:50 - INFO - Unmatched adults: ['victor']
2023-11-28 22:39:50 - INFO - No alain in children
2023-11-28 22:39:50 - INFO - No fatiha in children
2023-11-28 22:39:50 - INFO - No victor in children
2023-11-28 22:40:06 - INFO - Children list is empty
2023-11-28 22:40:06 - INFO - Unmatched adults: ['hector']
2023-11-28 22:40:06 - INFO - No alain in children
2023-11-28 22:40:06 - INFO - No fatiha in children
2023-11-28 22:40:06 - INFO - No hector in children
2023-11-28 22:42:48 - INFO - Children list is empty
2023-11-28 22:42:48 - INFO - Children list is empty
2023-11-28 22:42:48 - INFO - Children list is empty
2023-11-28 22:42:48 - INFO - Children list is empty
2023-11-28 22:42:48 - INFO - Children list is empty
2023-11-28 22:42:48 - INFO - Children list is empty
2023-11-28 22:42:48 - INFO - Unmatched adults: ['fabien', 'anais', 'charlene', 'victor', 'adeline', 'hector']
2023-11-28 22:42:48 - INFO - No fabien in children
2023-11-28 22:42:48 - INFO - No anais in children
2023-11-28 22:42:48 - INFO - No charlene in children
2023-11-28 22:42:48 - INFO - No victor in children
2023-11-28 22:42:48 - INFO - No adeline in children
2023-11-28 22:42:48 - INFO - No hector in children
2023-11-28 22:42:57 - INFO - Unmatched adults: ['charlene']
2023-11-28 22:42:57 - INFO - No alain in children
2023-11-28 22:42:57 - INFO - No fatiha in children
2023-11-28 22:42:57 - INFO - No charlene in children
2023-11-28 22:42:58 - INFO - Children list is empty
2023-11-28 22:42:58 - INFO - Unmatched adults: ['hector']
2023-11-28 22:42:58 - INFO - No alain in children
2023-11-28 22:42:58 - INFO - No fatiha in children
2023-11-28 22:42:58 - INFO - No hector in children
2023-11-28 22:43:04 - INFO - Unmatched adults: ['victor']
2023-11-28 22:43:04 - INFO - No victor in children
2023-11-28 22:43:15 - INFO - Children list is empty
2023-11-28 22:43:15 - INFO - Unmatched adults: ['fabien']
2023-11-28 22:43:15 - INFO - No alain in children
2023-11-28 22:43:15 - INFO - No fatiha in children
2023-11-28 22:43:15 - INFO - No fabien in children
2023-11-28 22:44:44 - INFO - Unmatched adults: ['sylvain']
2023-11-28 22:44:44 - INFO - No alain in children
2023-11-28 22:44:44 - INFO - No fatiha in children
2023-11-28 22:44:44 - INFO - No sylvain in children
2023-11-28 23:06:48 - INFO - Unmatched adults: ['sylvain']
2023-11-28 23:06:48 - INFO - No alain in children
2023-11-28 23:06:48 - INFO - No fatiha in children
2023-11-28 23:06:48 - INFO - No sylvain in children
2023-11-28 23:06:51 - INFO - Unmatched adults: ['sylvain']
2023-11-28 23:06:51 - INFO - No fatiha in children
2023-11-28 23:06:51 - INFO - No sylvain in children
2023-11-28 23:09:20 - INFO - Unmatched adults: ['anais']
2023-11-28 23:09:20 - INFO - No fatiha in children
2023-11-28 23:09:20 - INFO - No anais in children
2023-11-28 23:10:14 - INFO - Children list is empty
2023-11-28 23:10:14 - INFO - Unmatched adults: ['sylvain']
2023-11-28 23:10:14 - INFO - No sylvain in children
2023-11-28 23:11:10 - INFO - Children list is empty
2023-11-28 23:11:10 - INFO - Unmatched adults: ['sylvain']
2023-11-28 23:11:10 - INFO - No sylvain in children
2023-11-28 23:40:10 - INFO - Children list is empty
2023-11-28 23:40:10 - INFO - Unmatched adults: ['charlene']
2023-11-28 23:40:10 - INFO - No charlene in children
2023-11-28 23:40:20 - INFO - Unmatched adults: ['fabien']
2023-11-28 23:40:20 - INFO - No fabien in children
